app/build/intermediates/manifest_merge_blame_file/release/processReleaseMainManifest/manifest-merger-blame-release-report.txt
1<?xml version="1.0" encoding="utf-8"?>
2<manifest xmlns:android="http://schemas.android.com/apk/res/android"
3    package="com.example.androidkotlinapp"
4    android:versionCode="1"
5    android:versionName="1.0" >
6
7    <uses-sdk
7-->INJECTED
8        android:minSdkVersion="26"
8-->INJECTED
9        android:targetSdkVersion="36" />
9-->INJECTED
10
11    <uses-permission android:name="android.permission.INTERNET" />
11-->src/main/AndroidManifest.xml:5:5-67
11-->src/main/AndroidManifest.xml:5:22-64
12    <uses-permission android:name="android.permission.ACCESS_NETWORK_STATE" />
12-->src/main/AndroidManifest.xml:6:5-79
12-->src/main/AndroidManifest.xml:6:22-76
13    <uses-permission android:name="android.permission.SYSTEM_ALERT_WINDOW" />
13-->src/main/AndroidManifest.xml:7:5-78
13-->src/main/AndroidManifest.xml:7:22-75
14    <uses-permission android:name="android.permission.FOREGROUND_SERVICE" />
14-->src/main/AndroidManifest.xml:8:5-77
14-->src/main/AndroidManifest.xml:8:22-74
15    <uses-permission android:name="android.permission.FOREGROUND_SERVICE_SPECIAL_USE" />
15-->src/main/AndroidManifest.xml:9:5-89
15-->src/main/AndroidManifest.xml:9:22-86
16    <uses-permission android:name="android.permission.PACKAGE_USAGE_STATS" />
16-->src/main/AndroidManifest.xml:10:5-114
16-->src/main/AndroidManifest.xml:10:22-75
17    <uses-permission android:name="android.permission.RECEIVE_BOOT_COMPLETED" />
17-->src/main/AndroidManifest.xml:11:5-81
17-->src/main/AndroidManifest.xml:11:22-78
18    <uses-permission android:name="android.permission.KILL_BACKGROUND_PROCESSES" />
18-->src/main/AndroidManifest.xml:12:5-84
18-->src/main/AndroidManifest.xml:12:22-81
19    <uses-permission android:name="android.permission.QUERY_ALL_PACKAGES" />
19-->src/main/AndroidManifest.xml:13:5-119
19-->src/main/AndroidManifest.xml:13:22-74
20    <uses-permission android:name="android.permission.REQUEST_DELETE_PACKAGES" />
20-->src/main/AndroidManifest.xml:14:5-82
20-->src/main/AndroidManifest.xml:14:22-79
21    <uses-permission android:name="android.permission.POST_NOTIFICATIONS" />
21-->src/main/AndroidManifest.xml:15:5-77
21-->src/main/AndroidManifest.xml:15:22-74
22    <uses-permission android:name="android.permission.SCHEDULE_EXACT_ALARM" />
22-->src/main/AndroidManifest.xml:16:5-79
22-->src/main/AndroidManifest.xml:16:22-76
23
24    <!--
25      Granted at install for apps that really are alarm clocks, and never revoked, so an alarm
26      set here cannot silently stop being exact. SCHEDULE_EXACT_ALARM above is the fallback for
27      the same thing on older releases.
28    -->
29    <uses-permission android:name="android.permission.USE_EXACT_ALARM" />
29-->src/main/AndroidManifest.xml:23:5-74
29-->src/main/AndroidManifest.xml:23:22-71
30
31    <!-- Puts the ring screen in front of a locked phone rather than behind a notification. -->
32    <uses-permission android:name="android.permission.USE_FULL_SCREEN_INTENT" />
32-->src/main/AndroidManifest.xml:26:5-81
32-->src/main/AndroidManifest.xml:26:22-78
33    <uses-permission android:name="android.permission.WAKE_LOCK" />
33-->src/main/AndroidManifest.xml:27:5-68
33-->src/main/AndroidManifest.xml:27:22-65
34    <uses-permission android:name="android.permission.VIBRATE" />
34-->src/main/AndroidManifest.xml:28:5-66
34-->src/main/AndroidManifest.xml:28:22-63
35
36    <!-- The alarm's face check takes a live selfie; front camera only. -->
37    <uses-permission android:name="android.permission.CAMERA" />
37-->src/main/AndroidManifest.xml:31:5-65
37-->src/main/AndroidManifest.xml:31:22-62
38
39    <uses-feature
39-->src/main/AndroidManifest.xml:32:5-91
40        android:name="android.hardware.camera.front"
40-->src/main/AndroidManifest.xml:32:19-63
41        android:required="false" />
41-->src/main/AndroidManifest.xml:32:64-88
42
43    <uses-permission android:name="android.permission.FOREGROUND_SERVICE_MEDIA_PLAYBACK" />
43-->src/main/AndroidManifest.xml:33:5-92
43-->src/main/AndroidManifest.xml:33:22-89
44    <uses-permission android:name="android.permission.DISABLE_KEYGUARD" />
44-->src/main/AndroidManifest.xml:34:5-75
44-->src/main/AndroidManifest.xml:34:22-72
45
46    <permission
46-->[androidx.core:core:1.18.0] AndroidManifest.xml:22:5-24:47
47        android:name="com.example.androidkotlinapp.DYNAMIC_RECEIVER_NOT_EXPORTED_PERMISSION"
47-->[androidx.core:core:1.18.0] AndroidManifest.xml:23:9-81
48        android:protectionLevel="signature" />
48-->[androidx.core:core:1.18.0] AndroidManifest.xml:24:9-44
49
50    <uses-permission android:name="com.example.androidkotlinapp.DYNAMIC_RECEIVER_NOT_EXPORTED_PERMISSION" />
50-->[androidx.core:core:1.18.0] AndroidManifest.xml:26:5-97
50-->[androidx.core:core:1.18.0] AndroidManifest.xml:26:22-94
51
52    <application
52-->src/main/AndroidManifest.xml:37:5-247:19
53        android:name="com.example.androidkotlinapp.FocusApplication"
53-->src/main/AndroidManifest.xml:38:9-41
54        android:allowBackup="true"
54-->src/main/AndroidManifest.xml:39:9-35
55        android:appComponentFactory="androidx.core.app.CoreComponentFactory"
55-->[androidx.core:core:1.18.0] AndroidManifest.xml:28:18-86
56        android:extractNativeLibs="false"
56-->INJECTED
57        android:icon="@mipmap/ic_launcher"
57-->src/main/AndroidManifest.xml:41:9-43
58        android:label="@string/app_name"
58-->src/main/AndroidManifest.xml:42:9-41
59        android:roundIcon="@mipmap/ic_launcher_round"
59-->src/main/AndroidManifest.xml:43:9-54
60        android:supportsRtl="true"
60-->src/main/AndroidManifest.xml:44:9-35
61        android:theme="@style/Theme.AndroidKotlinApp"
61-->src/main/AndroidManifest.xml:46:9-54
62        android:usesCleartextTraffic="true"
62-->src/main/AndroidManifest.xml:40:9-44
63        android:windowSoftInputMode="adjustResize" >
63-->src/main/AndroidManifest.xml:45:9-51
64        <provider
64-->INJECTED
65            android:name="androidx.startup.InitializationProvider"
65-->src/main/AndroidManifest.xml:49:13-67
66            android:authorities="com.example.androidkotlinapp.androidx-startup"
66-->INJECTED
67            android:exported="false" >
67-->src/main/AndroidManifest.xml:51:13-37
68            <meta-data
68-->[androidx.emoji2:emoji2:1.4.0] AndroidManifest.xml:29:13-31:52
69                android:name="androidx.emoji2.text.EmojiCompatInitializer"
69-->[androidx.emoji2:emoji2:1.4.0] AndroidManifest.xml:30:17-75
70                android:value="androidx.startup" />
70-->[androidx.emoji2:emoji2:1.4.0] AndroidManifest.xml:31:17-49
71            <meta-data
71-->[androidx.lifecycle:lifecycle-process:2.10.0] AndroidManifest.xml:29:13-31:52
72                android:name="androidx.lifecycle.ProcessLifecycleInitializer"
72-->[androidx.lifecycle:lifecycle-process:2.10.0] AndroidManifest.xml:30:17-78
73                android:value="androidx.startup" />
73-->[androidx.lifecycle:lifecycle-process:2.10.0] AndroidManifest.xml:31:17-49
74            <meta-data
74-->[androidx.profileinstaller:profileinstaller:1.4.0] AndroidManifest.xml:29:13-31:52
75                android:name="androidx.profileinstaller.ProfileInstallerInitializer"
75-->[androidx.profileinstaller:profileinstaller:1.4.0] AndroidManifest.xml:30:17-85
76                android:value="androidx.startup" />
76-->[androidx.profileinstaller:profileinstaller:1.4.0] AndroidManifest.xml:31:17-49
77        </provider>
78
79        <activity
79-->src/main/AndroidManifest.xml:59:9-73:20
80            android:name="com.example.androidkotlinapp.MainActivity"
80-->src/main/AndroidManifest.xml:60:13-41
81            android:clearTaskOnLaunch="true"
81-->src/main/AndroidManifest.xml:64:13-45
82            android:configChanges="orientation|screenSize|screenLayout|smallestScreenSize|keyboardHidden|uiMode|density"
82-->src/main/AndroidManifest.xml:63:13-121
83            android:exported="true"
83-->src/main/AndroidManifest.xml:66:13-36
84            android:launchMode="singleTask"
84-->src/main/AndroidManifest.xml:61:13-44
85            android:screenOrientation="portrait"
85-->src/main/AndroidManifest.xml:62:13-49
86            android:stateNotNeeded="true" >
86-->src/main/AndroidManifest.xml:65:13-42
87            <intent-filter>
87-->src/main/AndroidManifest.xml:67:13-72:29
88                <action android:name="android.intent.action.MAIN" />
88-->src/main/AndroidManifest.xml:68:17-69
88-->src/main/AndroidManifest.xml:68:25-66
89
90                <category android:name="android.intent.category.HOME" />
90-->src/main/AndroidManifest.xml:69:17-73
90-->src/main/AndroidManifest.xml:69:27-70
91                <category android:name="android.intent.category.DEFAULT" />
91-->src/main/AndroidManifest.xml:70:17-76
91-->src/main/AndroidManifest.xml:70:27-73
92                <category android:name="android.intent.category.LAUNCHER" />
92-->src/main/AndroidManifest.xml:71:17-77
92-->src/main/AndroidManifest.xml:71:27-74
93            </intent-filter>
94        </activity> <!-- Wakes once each morning to say what goals and reminders are due. -->
95        <!--
96          Declared so the system and other apps can hand an alarm to this app: "set an alarm
97          for 7" from the assistant, and the alarm-app slot in Settings.
98        -->
99        <activity-alias
99-->src/main/AndroidManifest.xml:185:9-196:26
100            android:name="com.example.androidkotlinapp.AlarmClockAlias"
100-->src/main/AndroidManifest.xml:186:13-44
101            android:enabled="true"
101-->src/main/AndroidManifest.xml:189:13-35
102            android:exported="true"
102-->src/main/AndroidManifest.xml:188:13-36
103            android:targetActivity="com.example.androidkotlinapp.MainActivity" >
103-->src/main/AndroidManifest.xml:187:13-51
104            <intent-filter>
104-->src/main/AndroidManifest.xml:190:13-195:29
105                <action android:name="android.intent.action.SET_ALARM" />
105-->src/main/AndroidManifest.xml:191:17-74
105-->src/main/AndroidManifest.xml:191:25-71
106                <action android:name="android.intent.action.SHOW_ALARMS" />
106-->src/main/AndroidManifest.xml:192:17-76
106-->src/main/AndroidManifest.xml:192:25-73
107                <action android:name="android.intent.action.DISMISS_ALARM" />
107-->src/main/AndroidManifest.xml:193:17-78
107-->src/main/AndroidManifest.xml:193:25-75
108
109                <category android:name="android.intent.category.DEFAULT" />
109-->src/main/AndroidManifest.xml:70:17-76
109-->src/main/AndroidManifest.xml:70:27-73
110            </intent-filter>
111        </activity-alias>
112
113        <service
113-->src/main/AndroidManifest.xml:75:9-81:19
114            android:name="com.example.androidkotlinapp.FocusService"
114-->src/main/AndroidManifest.xml:76:13-41
115            android:enabled="true"
115-->src/main/AndroidManifest.xml:77:13-35
116            android:exported="false"
116-->src/main/AndroidManifest.xml:78:13-37
117            android:foregroundServiceType="specialUse" >
117-->src/main/AndroidManifest.xml:79:13-55
118            <property
118-->src/main/AndroidManifest.xml:80:13-130
119                android:name="android.app.PROPERTY_SPECIAL_USE_FGS_SUBTYPE"
119-->src/main/AndroidManifest.xml:80:23-82
120                android:value="Focus Timer Blocking Service" />
120-->src/main/AndroidManifest.xml:80:83-127
121        </service>
122
123        <!--
124            Reads the clock app's timer notification so the launcher can keep a record of the
125            timers the user runs. Android has no timer API; this is the only signal there is.
126        -->
127        <service
127-->src/main/AndroidManifest.xml:88:9-96:19
128            android:name="com.example.androidkotlinapp.TimerListenerService"
128-->src/main/AndroidManifest.xml:89:13-49
129            android:exported="true"
129-->src/main/AndroidManifest.xml:92:13-36
130            android:label="Focus Timer Tracker"
130-->src/main/AndroidManifest.xml:90:13-48
131            android:permission="android.permission.BIND_NOTIFICATION_LISTENER_SERVICE" >
131-->src/main/AndroidManifest.xml:91:13-87
132            <intent-filter>
132-->src/main/AndroidManifest.xml:93:13-95:29
133                <action android:name="android.service.notification.NotificationListenerService" />
133-->src/main/AndroidManifest.xml:94:17-99
133-->src/main/AndroidManifest.xml:94:25-96
134            </intent-filter>
135        </service>
136
137        <!--
138            Every http link on the device is offered to this activity first. It decides,
139            then hands an allowed one on to Chrome; nothing else in the app opens a browser.
140        -->
141        <activity
141-->src/main/AndroidManifest.xml:102:9-117:20
142            android:name="com.example.androidkotlinapp.LinkGateActivity"
142-->src/main/AndroidManifest.xml:103:13-45
143            android:excludeFromRecents="true"
143-->src/main/AndroidManifest.xml:106:13-46
144            android:exported="true"
144-->src/main/AndroidManifest.xml:109:13-36
145            android:launchMode="singleTask"
145-->src/main/AndroidManifest.xml:108:13-44
146            android:noHistory="true"
146-->src/main/AndroidManifest.xml:107:13-37
147            android:screenOrientation="portrait"
147-->src/main/AndroidManifest.xml:105:13-49
148            android:theme="@style/Theme.AndroidKotlinApp" >
148-->src/main/AndroidManifest.xml:104:13-58
149            <intent-filter android:priority="999" >
149-->src/main/AndroidManifest.xml:110:13-116:29
149-->src/main/AndroidManifest.xml:110:28-50
150                <action android:name="android.intent.action.VIEW" />
150-->src/main/AndroidManifest.xml:111:17-69
150-->src/main/AndroidManifest.xml:111:25-66
151
152                <category android:name="android.intent.category.DEFAULT" />
152-->src/main/AndroidManifest.xml:70:17-76
152-->src/main/AndroidManifest.xml:70:27-73
153                <category android:name="android.intent.category.BROWSABLE" />
153-->src/main/AndroidManifest.xml:113:17-78
153-->src/main/AndroidManifest.xml:113:27-75
154
155                <data android:scheme="http" />
155-->src/main/AndroidManifest.xml:114:17-47
155-->src/main/AndroidManifest.xml:114:23-44
156                <data android:scheme="https" />
156-->src/main/AndroidManifest.xml:114:17-47
156-->src/main/AndroidManifest.xml:114:23-44
157            </intent-filter>
158        </activity>
159        <activity
159-->src/main/AndroidManifest.xml:119:9-142:20
160            android:name="com.example.androidkotlinapp.DocumentViewerActivity"
160-->src/main/AndroidManifest.xml:120:13-51
161            android:exported="true"
161-->src/main/AndroidManifest.xml:123:13-36
162            android:label="Document Viewer"
162-->src/main/AndroidManifest.xml:121:13-44
163            android:theme="@style/Theme.AndroidKotlinApp" >
163-->src/main/AndroidManifest.xml:122:13-58
164            <intent-filter>
164-->src/main/AndroidManifest.xml:124:13-134:29
165                <action android:name="android.intent.action.VIEW" />
165-->src/main/AndroidManifest.xml:111:17-69
165-->src/main/AndroidManifest.xml:111:25-66
166
167                <category android:name="android.intent.category.DEFAULT" />
167-->src/main/AndroidManifest.xml:70:17-76
167-->src/main/AndroidManifest.xml:70:27-73
168                <category android:name="android.intent.category.BROWSABLE" />
168-->src/main/AndroidManifest.xml:113:17-78
168-->src/main/AndroidManifest.xml:113:27-75
169
170                <data android:scheme="content" />
170-->src/main/AndroidManifest.xml:114:17-47
170-->src/main/AndroidManifest.xml:114:23-44
171                <data android:scheme="file" />
171-->src/main/AndroidManifest.xml:114:17-47
171-->src/main/AndroidManifest.xml:114:23-44
172                <data android:mimeType="application/pdf" />
172-->src/main/AndroidManifest.xml:114:17-47
172-->src/main/AndroidManifest.xml:130:23-57
173                <data android:mimeType="text/*" />
173-->src/main/AndroidManifest.xml:114:17-47
173-->src/main/AndroidManifest.xml:130:23-57
174                <data android:mimeType="application/vnd.ms-excel" />
174-->src/main/AndroidManifest.xml:114:17-47
174-->src/main/AndroidManifest.xml:130:23-57
175                <data android:mimeType="application/vnd.openxmlformats-officedocument.spreadsheetml.sheet" />
175-->src/main/AndroidManifest.xml:114:17-47
175-->src/main/AndroidManifest.xml:130:23-57
176            </intent-filter>
177            <intent-filter android:priority="999" >
177-->src/main/AndroidManifest.xml:110:13-116:29
177-->src/main/AndroidManifest.xml:110:28-50
178                <action android:name="android.intent.action.VIEW" />
178-->src/main/AndroidManifest.xml:111:17-69
178-->src/main/AndroidManifest.xml:111:25-66
179
180                <category android:name="android.intent.category.DEFAULT" />
180-->src/main/AndroidManifest.xml:70:17-76
180-->src/main/AndroidManifest.xml:70:27-73
181                <category android:name="android.intent.category.BROWSABLE" />
181-->src/main/AndroidManifest.xml:113:17-78
181-->src/main/AndroidManifest.xml:113:27-75
182
183                <data android:scheme="http" />
183-->src/main/AndroidManifest.xml:114:17-47
183-->src/main/AndroidManifest.xml:114:23-44
184                <data android:scheme="https" />
184-->src/main/AndroidManifest.xml:114:17-47
184-->src/main/AndroidManifest.xml:114:23-44
185            </intent-filter>
186        </activity>
187
188        <service
188-->src/main/AndroidManifest.xml:144:9-154:19
189            android:name="com.example.androidkotlinapp.UrlBlockerService"
189-->src/main/AndroidManifest.xml:145:13-46
190            android:exported="true"
190-->src/main/AndroidManifest.xml:147:13-36
191            android:permission="android.permission.BIND_ACCESSIBILITY_SERVICE" >
191-->src/main/AndroidManifest.xml:146:13-79
192            <intent-filter>
192-->src/main/AndroidManifest.xml:148:13-150:29
193                <action android:name="android.accessibilityservice.AccessibilityService" />
193-->src/main/AndroidManifest.xml:149:17-92
193-->src/main/AndroidManifest.xml:149:25-89
194            </intent-filter>
195
196            <meta-data
196-->src/main/AndroidManifest.xml:151:13-153:72
197                android:name="android.accessibilityservice"
197-->src/main/AndroidManifest.xml:152:17-60
198                android:resource="@xml/accessibility_service_config" />
198-->src/main/AndroidManifest.xml:153:17-69
199        </service>
200
201        <receiver
201-->src/main/AndroidManifest.xml:156:9-164:20
202            android:name="com.example.androidkotlinapp.BootReceiver"
202-->src/main/AndroidManifest.xml:157:13-41
203            android:enabled="true"
203-->src/main/AndroidManifest.xml:158:13-35
204            android:exported="false" >
204-->src/main/AndroidManifest.xml:159:13-37
205            <intent-filter>
205-->src/main/AndroidManifest.xml:160:13-163:29
206                <action android:name="android.intent.action.BOOT_COMPLETED" />
206-->src/main/AndroidManifest.xml:161:17-79
206-->src/main/AndroidManifest.xml:161:25-76
207                <action android:name="android.intent.action.QUICKBOOT_POWERON" />
207-->src/main/AndroidManifest.xml:162:17-82
207-->src/main/AndroidManifest.xml:162:25-79
208            </intent-filter>
209        </receiver>
210        <receiver
210-->src/main/AndroidManifest.xml:166:9-178:20
211            android:name="com.example.androidkotlinapp.FocusDeviceAdminReceiver"
211-->src/main/AndroidManifest.xml:167:13-53
212            android:description="@string/device_admin_description"
212-->src/main/AndroidManifest.xml:169:13-67
213            android:exported="true"
213-->src/main/AndroidManifest.xml:171:13-36
214            android:label="Focus Blocker Admin"
214-->src/main/AndroidManifest.xml:168:13-48
215            android:permission="android.permission.BIND_DEVICE_ADMIN" >
215-->src/main/AndroidManifest.xml:170:13-70
216            <meta-data
216-->src/main/AndroidManifest.xml:172:13-174:63
217                android:name="android.app.device_admin"
217-->src/main/AndroidManifest.xml:173:17-56
218                android:resource="@xml/device_admin_config" />
218-->src/main/AndroidManifest.xml:174:17-60
219
220            <intent-filter>
220-->src/main/AndroidManifest.xml:175:13-177:29
221                <action android:name="android.app.action.DEVICE_ADMIN_ENABLED" />
221-->src/main/AndroidManifest.xml:176:17-82
221-->src/main/AndroidManifest.xml:176:25-79
222            </intent-filter>
223        </receiver>
224        <receiver
224-->src/main/AndroidManifest.xml:198:9-201:40
225            android:name="com.example.androidkotlinapp.TaskReminderReceiver"
225-->src/main/AndroidManifest.xml:199:13-49
226            android:enabled="true"
226-->src/main/AndroidManifest.xml:200:13-35
227            android:exported="false" />
227-->src/main/AndroidManifest.xml:201:13-37
228
229        <!--
230          The ring screen. Its own task and no history, so it can appear over the lock screen
231          and cannot be returned to from recents once the alarm has been answered.
232        -->
233        <activity
233-->src/main/AndroidManifest.xml:207:9-218:61
234            android:name="com.example.androidkotlinapp.AlarmRingActivity"
234-->src/main/AndroidManifest.xml:208:13-46
235            android:configChanges="orientation|screenSize|screenLayout|keyboardHidden|uiMode|density|fontScale"
235-->src/main/AndroidManifest.xml:217:13-112
236            android:excludeFromRecents="true"
236-->src/main/AndroidManifest.xml:211:13-46
237            android:exported="false"
237-->src/main/AndroidManifest.xml:209:13-37
238            android:launchMode="singleInstance"
238-->src/main/AndroidManifest.xml:210:13-48
239            android:noHistory="false"
239-->src/main/AndroidManifest.xml:212:13-38
240            android:showOnLockScreen="true"
240-->src/main/AndroidManifest.xml:213:13-44
241            android:showWhenLocked="true"
241-->src/main/AndroidManifest.xml:215:13-42
242            android:taskAffinity="com.example.androidkotlinapp.alarm"
242-->src/main/AndroidManifest.xml:216:13-70
243            android:theme="@style/Theme.AndroidKotlinApp"
243-->src/main/AndroidManifest.xml:218:13-58
244            android:turnScreenOn="true" />
244-->src/main/AndroidManifest.xml:214:13-40
245
246        <!-- Owns the sound, so it survives the screen going off or the activity being closed. -->
247        <service
247-->src/main/AndroidManifest.xml:221:9-225:61
248            android:name="com.example.androidkotlinapp.AlarmRingService"
248-->src/main/AndroidManifest.xml:222:13-45
249            android:enabled="true"
249-->src/main/AndroidManifest.xml:223:13-35
250            android:exported="false"
250-->src/main/AndroidManifest.xml:224:13-37
251            android:foregroundServiceType="mediaPlayback" />
251-->src/main/AndroidManifest.xml:225:13-58
252
253        <receiver
253-->src/main/AndroidManifest.xml:227:9-230:40
254            android:name="com.example.androidkotlinapp.AlarmFiredReceiver"
254-->src/main/AndroidManifest.xml:228:13-47
255            android:enabled="true"
255-->src/main/AndroidManifest.xml:229:13-35
256            android:exported="false" />
256-->src/main/AndroidManifest.xml:230:13-37
257
258        <!-- Nine in the morning and ten at night, for the day's habits. -->
259        <receiver
259-->src/main/AndroidManifest.xml:233:9-236:40
260            android:name="com.example.androidkotlinapp.HabitReminderReceiver"
260-->src/main/AndroidManifest.xml:234:13-50
261            android:enabled="true"
261-->src/main/AndroidManifest.xml:235:13-35
262            android:exported="false" />
262-->src/main/AndroidManifest.xml:236:13-37
263        <receiver
263-->src/main/AndroidManifest.xml:238:9-246:20
264            android:name="com.example.androidkotlinapp.FocusDeveloperReceiver"
264-->src/main/AndroidManifest.xml:239:13-51
265            android:enabled="true"
265-->src/main/AndroidManifest.xml:240:13-35
266            android:exported="true" >
266-->src/main/AndroidManifest.xml:241:13-36
267            <intent-filter>
267-->src/main/AndroidManifest.xml:242:13-245:29
268                <action android:name="com.example.androidkotlinapp.FORCE_DEACTIVATE_ADMIN" />
268-->src/main/AndroidManifest.xml:243:17-94
268-->src/main/AndroidManifest.xml:243:25-91
269                <action android:name="com.example.androidkotlinapp.STOP_FOCUS_SESSION" />
269-->src/main/AndroidManifest.xml:244:17-90
269-->src/main/AndroidManifest.xml:244:25-87
270            </intent-filter>
271        </receiver>
272
273        <activity
273-->[:feature:postpone-task] AndroidManifest.xml:8:9-13:86
274            android:name="com.costular.atomtasks.postponetask.ui.PostponeTaskActivity"
274-->[:feature:postpone-task] AndroidManifest.xml:9:13-87
275            android:excludeFromRecents="true"
275-->[:feature:postpone-task] AndroidManifest.xml:10:13-46
276            android:launchMode="singleTask"
276-->[:feature:postpone-task] AndroidManifest.xml:11:13-44
277            android:taskAffinity=""
277-->[:feature:postpone-task] AndroidManifest.xml:12:13-36
278            android:theme="@android:style/Theme.Translucent.NoTitleBar.Fullscreen" />
278-->[:feature:postpone-task] AndroidManifest.xml:13:13-83
279
280        <receiver android:name="com.costular.atomtasks.tasks.receiver.MarkTaskAsDoneReceiver" />
280-->[:common:tasks] AndroidManifest.xml:8:9-97
280-->[:common:tasks] AndroidManifest.xml:8:19-94
281        <receiver android:name="com.costular.atomtasks.tasks.receiver.NotifyTaskReceiver" />
281-->[:common:tasks] AndroidManifest.xml:9:9-93
281-->[:common:tasks] AndroidManifest.xml:9:19-90
282        <receiver android:name="com.costular.atomtasks.data.settings.dailyreminder.DailyReminderReceiver" />
282-->[:data] AndroidManifest.xml:8:9-109
282-->[:data] AndroidManifest.xml:8:19-106
283
284        <service
284-->[androidx.camera:camera-camera2:1.3.4] AndroidManifest.xml:24:9-33:19
285            android:name="androidx.camera.core.impl.MetadataHolderService"
285-->[androidx.camera:camera-camera2:1.3.4] AndroidManifest.xml:25:13-75
286            android:enabled="false"
286-->[androidx.camera:camera-camera2:1.3.4] AndroidManifest.xml:26:13-36
287            android:exported="false" >
287-->[androidx.camera:camera-camera2:1.3.4] AndroidManifest.xml:27:13-37
288            <meta-data
288-->[androidx.camera:camera-camera2:1.3.4] AndroidManifest.xml:30:13-32:89
289                android:name="androidx.camera.core.impl.MetadataHolderService.DEFAULT_CONFIG_PROVIDER"
289-->[androidx.camera:camera-camera2:1.3.4] AndroidManifest.xml:31:17-103
290                android:value="androidx.camera.camera2.Camera2Config$DefaultProvider" />
290-->[androidx.camera:camera-camera2:1.3.4] AndroidManifest.xml:32:17-86
291        </service>
292
293        <meta-data
293-->[com.google.android.gms:play-services-basement:18.4.0] AndroidManifest.xml:6:9-122
294            android:name="com.google.android.gms.version"
294-->[com.google.android.gms:play-services-basement:18.4.0] AndroidManifest.xml:6:20-65
295            android:value="@integer/google_play_services_version" />
295-->[com.google.android.gms:play-services-basement:18.4.0] AndroidManifest.xml:6:66-119
296
297        <service
297-->[androidx.work:work-runtime:2.11.2] AndroidManifest.xml:39:9-45:35
298            android:name="androidx.work.impl.background.systemjob.SystemJobService"
298-->[androidx.work:work-runtime:2.11.2] AndroidManifest.xml:40:13-84
299            android:directBootAware="false"
299-->[androidx.work:work-runtime:2.11.2] AndroidManifest.xml:41:13-44
300            android:enabled="@bool/enable_system_job_service_default"
300-->[androidx.work:work-runtime:2.11.2] AndroidManifest.xml:42:13-70
301            android:exported="true"
301-->[androidx.work:work-runtime:2.11.2] AndroidManifest.xml:43:13-36
302            android:permission="android.permission.BIND_JOB_SERVICE" />
302-->[androidx.work:work-runtime:2.11.2] AndroidManifest.xml:44:13-69
303        <service
303-->[androidx.work:work-runtime:2.11.2] AndroidManifest.xml:46:9-52:35
304            android:name="androidx.work.impl.foreground.SystemForegroundService"
304-->[androidx.work:work-runtime:2.11.2] AndroidManifest.xml:47:13-81
305            android:directBootAware="false"
305-->[androidx.work:work-runtime:2.11.2] AndroidManifest.xml:48:13-44
306            android:enabled="@bool/enable_system_foreground_service_default"
306-->[androidx.work:work-runtime:2.11.2] AndroidManifest.xml:49:13-77
307            android:exported="false" />
307-->[androidx.work:work-runtime:2.11.2] AndroidManifest.xml:50:13-37
308
309        <receiver
309-->[androidx.work:work-runtime:2.11.2] AndroidManifest.xml:54:9-59:35
310            android:name="androidx.work.impl.utils.ForceStopRunnable$BroadcastReceiver"
310-->[androidx.work:work-runtime:2.11.2] AndroidManifest.xml:55:13-88
311            android:directBootAware="false"
311-->[androidx.work:work-runtime:2.11.2] AndroidManifest.xml:56:13-44
312            android:enabled="true"
312-->[androidx.work:work-runtime:2.11.2] AndroidManifest.xml:57:13-35
313            android:exported="false" />
313-->[androidx.work:work-runtime:2.11.2] AndroidManifest.xml:58:13-37
314        <receiver
314-->[androidx.work:work-runtime:2.11.2] AndroidManifest.xml:60:9-69:20
315            android:name="androidx.work.impl.background.systemalarm.RescheduleReceiver"
315-->[androidx.work:work-runtime:2.11.2] AndroidManifest.xml:61:13-88
316            android:directBootAware="false"
316-->[androidx.work:work-runtime:2.11.2] AndroidManifest.xml:62:13-44
317            android:enabled="false"
317-->[androidx.work:work-runtime:2.11.2] AndroidManifest.xml:63:13-36
318            android:exported="false" >
318-->[androidx.work:work-runtime:2.11.2] AndroidManifest.xml:64:13-37
319            <intent-filter>
319-->[androidx.work:work-runtime:2.11.2] AndroidManifest.xml:66:13-68:29
320                <action android:name="android.intent.action.BOOT_COMPLETED" />